  % Total    % Received % Xferd  Average Speed   Time    Time     Time  Current
                                 Dload  Upload   Total   Spent    Left  Speed
  0     0    0     0    0     0      0      0 --:--:-- --:--:-- --:--:--     0* Host ec2-3-144-77-137.us-east-2.compute.amazonaws.com:80 was resolved.
* IPv6: (none)
* IPv4: 3.144.77.137
*   Trying 3.144.77.137:80...
* Connected to ec2-3-144-77-137.us-east-2.compute.amazonaws.com (3.144.77.137) port 80
> GET / HTTP/1.1
> Host: ec2-3-144-77-137.us-east-2.compute.amazonaws.com
> User-Agent: curl/8.7.1
> Accept: */*
> Cookie: login=eyJ1c2VybmFtZSI6ImF3ZGVvcmlvIn0.ZwwdiA.V-9bLVc3t-DeYxOWlfO1Q70pZis
> 
* Request completely sent off
< HTTP/1.1 200 OK
< Server: nginx/1.24.0 (Ubuntu)
< Date: Sun, 13 Oct 2024 19:21:32 GMT
< Content-Type: text/html; charset=utf-8
< Content-Length: 790
< Connection: keep-alive
< Vary: Cookie
< 
{ [790 bytes data]
100   790  100   790    0     0  10559      0 --:--:-- --:--:-- --:--:-- 10533100   790  100   790    0     0  10531      0 --:--:-- --:--:-- --:--:-- 10533
* Connection #0 to host ec2-3-144-77-137.us-east-2.compute.amazonaws.com left intact
