  % Total    % Received % Xferd  Average Speed   Time    Time     Time  Current
                                 Dload  Upload   Total   Spent    Left  Speed
  0     0    0     0    0     0      0      0 --:--:-- --:--:-- --:--:--     0* Host ec2-3-144-77-137.us-east-2.compute.amazonaws.com:80 was resolved.
* IPv6: (none)
* IPv4: 3.144.77.137
*   Trying 3.144.77.137:80...
* Connected to ec2-3-144-77-137.us-east-2.compute.amazonaws.com (3.144.77.137) port 80
> GET /static/js/bundle.js HTTP/1.1
> Host: ec2-3-144-77-137.us-east-2.compute.amazonaws.com
> User-Agent: curl/8.7.1
> Accept: */*
> Cookie: login=eyJ1c2VybmFtZSI6ImF3ZGVvcmlvIn0.ZwwdiA.V-9bLVc3t-DeYxOWlfO1Q70pZis
> 
* Request completely sent off
< HTTP/1.1 200 OK
< Server: nginx/1.24.0 (Ubuntu)
< Date: Sun, 13 Oct 2024 19:22:06 GMT
< Content-Type: text/javascript; charset=utf-8
< Content-Length: 718840
< Connection: keep-alive
< Content-Disposition: inline; filename=bundle.js
< Last-Modified: Sun, 13 Oct 2024 19:12:54 GMT
< Cache-Control: no-cache
< ETag: "1728846774.7846496-718840-3954186017"
< 
{ [3997 bytes data]
100  701k  100  701k    0     0   812k      0 --:--:-- --:--:-- --:--:--  813k
* Connection #0 to host ec2-3-144-77-137.us-east-2.compute.amazonaws.com left intact
